{"D:\\WebDevelopment\\vuejs_unit_test_using_vue_test_utils\\src\\Counter.vue": {"path":"D:\\WebDevelopment\\vuejs_unit_test_using_vue_test_utils\\src\\Counter.vue","statementMap":{"0":{"start":{"line":19,"column":0},"end":{"line":19,"column":null}},"1":{"start":{"line":26,"column":0},"end":{"line":30,"column":null}},"2":{"start":{"line":27,"column":0},"end":{"line":27,"column":null}},"3":{"start":{"line":29,"column":0},"end":{"line":29,"column":null}},"4":{"start":{"line":33,"column":0},"end":{"line":37,"column":null}},"5":{"start":{"line":34,"column":0},"end":{"line":34,"column":null}},"6":{"start":{"line":35,"column":0},"end":{"line":37,"column":null}},"7":{"start":{"line":36,"column":0},"end":{"line":36,"column":null}}},"fnMap":{"0":{"name":"(anonymous_1)","decl":{"start":{"line":18,"column":0},"end":{"line":18,"column":null}},"loc":{"start":{"line":18,"column":0},"end":{"line":22,"column":null}}},"1":{"name":"(anonymous_2)","decl":{"start":{"line":25,"column":0},"end":{"line":25,"column":null}},"loc":{"start":{"line":25,"column":0},"end":{"line":31,"column":null}}},"2":{"name":"(anonymous_3)","decl":{"start":{"line":32,"column":0},"end":{"line":32,"column":null}},"loc":{"start":{"line":32,"column":0},"end":{"line":38,"column":null}}}},"branchMap":{"0":{"loc":{"start":{"line":26,"column":0},"end":{"line":30,"column":null}},"type":"if","locations":[{"start":{"line":26,"column":0},"end":{"line":30,"column":null}},{"start":{"line":26,"column":0},"end":{"line":30,"column":null}}]},"1":{"loc":{"start":{"line":33,"column":0},"end":{"line":37,"column":null}},"type":"if","locations":[{"start":{"line":33,"column":0},"end":{"line":37,"column":null}},{"start":{"line":33,"column":0},"end":{"line":37,"column":null}}]},"2":{"loc":{"start":{"line":35,"column":0},"end":{"line":37,"column":null}},"type":"if","locations":[{"start":{"line":35,"column":0},"end":{"line":37,"column":null}},{"start":{"line":35,"column":0},"end":{"line":37,"column":null}}]}},"s":{"0":5,"1":3,"2":1,"3":2,"4":3,"5":1,"6":2,"7":1},"f":{"0":5,"1":3,"2":3},"b":{"0":[1,2],"1":[1,2],"2":[1,1]}}
,"D:\\WebDevelopment\\vuejs_unit_test_using_vue_test_utils\\src\\EmailValidation.vue": {"path":"D:\\WebDevelopment\\vuejs_unit_test_using_vue_test_utils\\src\\EmailValidation.vue","statementMap":{"0":{"start":{"line":17,"column":0},"end":{"line":17,"column":null}},"1":{"start":{"line":24,"column":0},"end":{"line":24,"column":null}},"2":{"start":{"line":25,"column":0},"end":{"line":25,"column":null}},"3":{"start":{"line":26,"column":0},"end":{"line":26,"column":null}}},"fnMap":{"0":{"name":"(anonymous_1)","decl":{"start":{"line":16,"column":0},"end":{"line":16,"column":null}},"loc":{"start":{"line":16,"column":0},"end":{"line":21,"column":null}}},"1":{"name":"(anonymous_2)","decl":{"start":{"line":23,"column":0},"end":{"line":23,"column":null}},"loc":{"start":{"line":23,"column":0},"end":{"line":27,"column":null}}}},"branchMap":{},"s":{"0":5,"1":5,"2":5,"3":5},"f":{"0":5,"1":5},"b":{}}
,"D:\\WebDevelopment\\vuejs_unit_test_using_vue_test_utils\\src\\Greeting.vue": {"path":"D:\\WebDevelopment\\vuejs_unit_test_using_vue_test_utils\\src\\Greeting.vue","statementMap":{"0":{"start":{"line":17,"column":0},"end":{"line":17,"column":null}}},"fnMap":{"0":{"name":"(anonymous_1)","decl":{"start":{"line":16,"column":0},"end":{"line":16,"column":null}},"loc":{"start":{"line":16,"column":0},"end":{"line":21,"column":null}}}},"branchMap":{},"s":{"0":2},"f":{"0":2},"b":{}}
,"D:\\WebDevelopment\\vuejs_unit_test_using_vue_test_utils\\src\\RandomGenerator.vue": {"path":"D:\\WebDevelopment\\vuejs_unit_test_using_vue_test_utils\\src\\RandomGenerator.vue","statementMap":{"0":{"start":{"line":17,"column":0},"end":{"line":17,"column":null}},"1":{"start":{"line":23,"column":0},"end":{"line":23,"column":null}},"2":{"start":{"line":24,"column":0},"end":{"line":24,"column":null}}},"fnMap":{"0":{"name":"(anonymous_1)","decl":{"start":{"line":16,"column":0},"end":{"line":16,"column":null}},"loc":{"start":{"line":16,"column":0},"end":{"line":20,"column":null}}},"1":{"name":"(anonymous_2)","decl":{"start":{"line":22,"column":0},"end":{"line":22,"column":null}},"loc":{"start":{"line":22,"column":0},"end":{"line":25,"column":null}}}},"branchMap":{},"s":{"0":2,"1":2,"2":2},"f":{"0":2,"1":2},"b":{}}
}
