TN:
SF:D:\WebDevelopment\vuejs_unit_test_using_vue_test_utils\src\Counter.vue
FN:18,(anonymous_1)
FN:25,(anonymous_2)
FN:32,(anonymous_3)
FNF:3
FNH:3
FNDA:5,(anonymous_1)
FNDA:3,(anonymous_2)
FNDA:3,(anonymous_3)
DA:19,5
DA:26,3
DA:27,1
DA:29,2
DA:33,3
DA:34,1
DA:35,2
DA:36,1
LF:8
LH:8
BRDA:26,0,0,1
BRDA:26,0,1,2
BRDA:33,1,0,1
BRDA:33,1,1,2
BRDA:35,2,0,1
BRDA:35,2,1,1
BRF:6
BRH:6
end_of_record
TN:
SF:D:\WebDevelopment\vuejs_unit_test_using_vue_test_utils\src\EmailValidation.vue
FN:16,(anonymous_1)
FN:23,(anonymous_2)
FNF:2
FNH:2
FNDA:5,(anonymous_1)
FNDA:5,(anonymous_2)
DA:17,5
DA:24,5
DA:25,5
DA:26,5
LF:4
LH:4
BRF:0
BRH:0
end_of_record
TN:
SF:D:\WebDevelopment\vuejs_unit_test_using_vue_test_utils\src\Greeting.vue
FN:16,(anonymous_1)
FNF:1
FNH:1
FNDA:2,(anonymous_1)
DA:17,2
LF:1
LH:1
BRF:0
BRH:0
end_of_record
TN:
SF:D:\WebDevelopment\vuejs_unit_test_using_vue_test_utils\src\RandomGenerator.vue
FN:16,(anonymous_1)
FN:22,(anonymous_2)
FNF:2
FNH:2
FNDA:2,(anonymous_1)
FNDA:2,(anonymous_2)
DA:17,2
DA:23,2
DA:24,2
LF:3
LH:3
BRF:0
BRH:0
end_of_record
